<?xml version="1.0" encoding="UTF-8"?>
<testsuite xmlns:xsi="http://www.w3.org/2001/XMLSchema-instance" xsi:noNamespaceSchemaLocation="https://maven.apache.org/surefire/maven-surefire-plugin/xsd/surefire-test-report.xsd" version="3.0.2" name="fr.celestialdreams.api.UserControllerTest" time="3.874" tests="21" errors="0" skipped="0" failures="1">
  <properties>
    <property name="java.specification.version" value="21"/>
    <property name="sun.jnu.encoding" value="UTF-8"/>
    <property name="java.class.path" value="/home/arnaud/Documents/workspace-spring-tools-for-eclipse-4.32.0.RELEASE/apiCD/target/test-classes:/home/arnaud/Documents/workspace-spring-tools-for-eclipse-4.32.0.RELEASE/apiCD/target/classes:/home/arnaud/.m2/repository/org/springframework/boot/spring-boot-starter-data-jpa/3.5.6/spring-boot-starter-data-jpa-3.5.6.jar:/home/arnaud/.m2/repository/org/springframework/boot/spring-boot-starter/3.5.6/spring-boot-starter-3.5.6.jar:/home/arnaud/.m2/repository/org/springframework/boot/spring-boot/3.5.6/spring-boot-3.5.6.jar:/home/arnaud/.m2/repository/org/springframework/boot/spring-boot-autoconfigure/3.5.6/spring-boot-autoconfigure-3.5.6.jar:/home/arnaud/.m2/repository/org/springframework/boot/spring-boot-starter-logging/3.5.6/spring-boot-starter-logging-3.5.6.jar:/home/arnaud/.m2/repository/ch/qos/logback/logback-classic/1.5.18/logback-classic-1.5.18.jar:/home/arnaud/.m2/repository/ch/qos/logback/logback-core/1.5.18/logback-core-1.5.18.jar:/home/arnaud/.m2/repository/org/apache/logging/log4j/log4j-to-slf4j/2.24.3/log4j-to-slf4j-2.24.3.jar:/home/arnaud/.m2/repository/org/apache/logging/log4j/log4j-api/2.24.3/log4j-api-2.24.3.jar:/home/arnaud/.m2/repository/org/slf4j/jul-to-slf4j/2.0.17/jul-to-slf4j-2.0.17.jar:/home/arnaud/.m2/repository/jakarta/annotation/jakarta.annotation-api/2.1.1/jakarta.annotation-api-2.1.1.jar:/home/arnaud/.m2/repository/org/yaml/snakeyaml/2.4/snakeyaml-2.4.jar:/home/arnaud/.m2/repository/org/springframework/boot/spring-boot-starter-jdbc/3.5.6/spring-boot-starter-jdbc-3.5.6.jar:/home/arnaud/.m2/repository/com/zaxxer/HikariCP/6.3.3/HikariCP-6.3.3.jar:/home/arnaud/.m2/repository/org/springframework/spring-jdbc/6.2.11/spring-jdbc-6.2.11.jar:/home/arnaud/.m2/repository/org/hibernate/orm/hibernate-core/6.6.29.Final/hibernate-core-6.6.29.Final.jar:/home/arnaud/.m2/repository/jakarta/transaction/jakarta.transaction-api/2.0.1/jakarta.transaction-api-2.0.1.jar:/home/arnaud/.m2/repository/org/jboss/logging/jboss-logging/3.6.1.Final/jboss-logging-3.6.1.Final.jar:/home/arnaud/.m2/repository/org/hibernate/common/hibernate-commons-annotations/7.0.3.Final/hibernate-commons-annotations-7.0.3.Final.jar:/home/arnaud/.m2/repository/io/smallrye/jandex/3.2.0/jandex-3.2.0.jar:/home/arnaud/.m2/repository/com/fasterxml/classmate/1.7.0/classmate-1.7.0.jar:/home/arnaud/.m2/repository/net/bytebuddy/byte-buddy/1.17.7/byte-buddy-1.17.7.jar:/home/arnaud/.m2/repository/org/glassfish/jaxb/jaxb-runtime/4.0.5/jaxb-runtime-4.0.5.jar:/home/arnaud/.m2/repository/org/glassfish/jaxb/jaxb-core/4.0.5/jaxb-core-4.0.5.jar:/home/arnaud/.m2/repository/org/eclipse/angus/angus-activation/2.0.2/angus-activation-2.0.2.jar:/home/arnaud/.m2/repository/org/glassfish/jaxb/txw2/4.0.5/txw2-4.0.5.jar:/home/arnaud/.m2/repository/com/sun/istack/istack-commons-runtime/4.1.2/istack-commons-runtime-4.1.2.jar:/home/arnaud/.m2/repository/jakarta/inject/jakarta.inject-api/2.0.1/jakarta.inject-api-2.0.1.jar:/home/arnaud/.m2/repository/org/antlr/antlr4-runtime/4.13.0/antlr4-runtime-4.13.0.jar:/home/arnaud/.m2/repository/org/springframework/data/spring-data-jpa/3.5.4/spring-data-jpa-3.5.4.jar:/home/arnaud/.m2/repository/org/springframework/data/spring-data-commons/3.5.4/spring-data-commons-3.5.4.jar:/home/arnaud/.m2/repository/org/springframework/spring-orm/6.2.11/spring-orm-6.2.11.jar:/home/arnaud/.m2/repository/org/springframework/spring-context/6.2.11/spring-context-6.2.11.jar:/home/arnaud/.m2/repository/org/springframework/spring-aop/6.2.11/spring-aop-6.2.11.jar:/home/arnaud/.m2/repository/org/springframework/spring-tx/6.2.11/spring-tx-6.2.11.jar:/home/arnaud/.m2/repository/org/springframework/spring-beans/6.2.11/spring-beans-6.2.11.jar:/home/arnaud/.m2/repository/org/slf4j/slf4j-api/2.0.17/slf4j-api-2.0.17.jar:/home/arnaud/.m2/repository/org/springframework/spring-aspects/6.2.11/spring-aspects-6.2.11.jar:/home/arnaud/.m2/repository/org/aspectj/aspectjweaver/1.9.24/aspectjweaver-1.9.24.jar:/home/arnaud/.m2/repository/org/springframework/boot/spring-boot-starter-web/3.5.6/spring-boot-starter-web-3.5.6.jar:/home/arnaud/.m2/repository/org/springframework/boot/spring-boot-starter-json/3.5.6/spring-boot-starter-json-3.5.6.jar:/home/arnaud/.m2/repository/com/fasterxml/jackson/core/jackson-databind/2.19.2/jackson-databind-2.19.2.jar:/home/arnaud/.m2/repository/com/fasterxml/jackson/core/jackson-annotations/2.19.2/jackson-annotations-2.19.2.jar:/home/arnaud/.m2/repository/com/fasterxml/jackson/core/jackson-core/2.19.2/jackson-core-2.19.2.jar:/home/arnaud/.m2/repository/com/fasterxml/jackson/datatype/jackson-datatype-jdk8/2.19.2/jackson-datatype-jdk8-2.19.2.jar:/home/arnaud/.m2/repository/com/fasterxml/jackson/datatype/jackson-datatype-jsr310/2.19.2/jackson-datatype-jsr310-2.19.2.jar:/home/arnaud/.m2/repository/com/fasterxml/jackson/module/jackson-module-parameter-names/2.19.2/jackson-module-parameter-names-2.19.2.jar:/home/arnaud/.m2/repository/org/springframework/boot/spring-boot-starter-tomcat/3.5.6/spring-boot-starter-tomcat-3.5.6.jar:/home/arnaud/.m2/repository/org/apache/tomcat/embed/tomcat-embed-core/10.1.46/tomcat-embed-core-10.1.46.jar:/home/arnaud/.m2/repository/org/apache/tomcat/embed/tomcat-embed-websocket/10.1.46/tomcat-embed-websocket-10.1.46.jar:/home/arnaud/.m2/repository/org/springframework/spring-web/6.2.11/spring-web-6.2.11.jar:/home/arnaud/.m2/repository/io/micrometer/micrometer-observation/1.15.4/micrometer-observation-1.15.4.jar:/home/arnaud/.m2/repository/io/micrometer/micrometer-commons/1.15.4/micrometer-commons-1.15.4.jar:/home/arnaud/.m2/repository/org/springframework/spring-webmvc/6.2.11/spring-webmvc-6.2.11.jar:/home/arnaud/.m2/repository/org/springframework/spring-expression/6.2.11/spring-expression-6.2.11.jar:/home/arnaud/.m2/repository/com/h2database/h2/2.3.232/h2-2.3.232.jar:/home/arnaud/.m2/repository/org/projectlombok/lombok/1.18.40/lombok-1.18.40.jar:/home/arnaud/.m2/repository/org/springframework/boot/spring-boot-starter-test/3.5.6/spring-boot-starter-test-3.5.6.jar:/home/arnaud/.m2/repository/org/springframework/boot/spring-boot-test/3.5.6/spring-boot-test-3.5.6.jar:/home/arnaud/.m2/repository/org/springframework/boot/spring-boot-test-autoconfigure/3.5.6/spring-boot-test-autoconfigure-3.5.6.jar:/home/arnaud/.m2/repository/com/jayway/jsonpath/json-path/2.9.0/json-path-2.9.0.jar:/home/arnaud/.m2/repository/jakarta/xml/bind/jakarta.xml.bind-api/4.0.2/jakarta.xml.bind-api-4.0.2.jar:/home/arnaud/.m2/repository/jakarta/activation/jakarta.activation-api/2.1.4/jakarta.activation-api-2.1.4.jar:/home/arnaud/.m2/repository/net/minidev/json-smart/2.5.2/json-smart-2.5.2.jar:/home/arnaud/.m2/repository/net/minidev/accessors-smart/2.5.2/accessors-smart-2.5.2.jar:/home/arnaud/.m2/repository/org/ow2/asm/asm/9.7.1/asm-9.7.1.jar:/home/arnaud/.m2/repository/org/assertj/assertj-core/3.27.4/assertj-core-3.27.4.jar:/home/arnaud/.m2/repository/org/awaitility/awaitility/4.2.2/awaitility-4.2.2.jar:/home/arnaud/.m2/repository/org/hamcrest/hamcrest/3.0/hamcrest-3.0.jar:/home/arnaud/.m2/repository/org/junit/jupiter/junit-jupiter/5.12.2/junit-jupiter-5.12.2.jar:/home/arnaud/.m2/repository/org/junit/jupiter/junit-jupiter-api/5.12.2/junit-jupiter-api-5.12.2.jar:/home/arnaud/.m2/repository/org/opentest4j/opentest4j/1.3.0/opentest4j-1.3.0.jar:/home/arnaud/.m2/repository/org/junit/platform/junit-platform-commons/1.12.2/junit-platform-commons-1.12.2.jar:/home/arnaud/.m2/repository/org/apiguardian/apiguardian-api/1.1.2/apiguardian-api-1.1.2.jar:/home/arnaud/.m2/repository/org/junit/jupiter/junit-jupiter-params/5.12.2/junit-jupiter-params-5.12.2.jar:/home/arnaud/.m2/repository/org/junit/jupiter/junit-jupiter-engine/5.12.2/junit-jupiter-engine-5.12.2.jar:/home/arnaud/.m2/repository/org/junit/platform/junit-platform-engine/1.12.2/junit-platform-engine-1.12.2.jar:/home/arnaud/.m2/repository/org/mockito/mockito-core/5.17.0/mockito-core-5.17.0.jar:/home/arnaud/.m2/repository/net/bytebuddy/byte-buddy-agent/1.17.7/byte-buddy-agent-1.17.7.jar:/home/arnaud/.m2/repository/org/objenesis/objenesis/3.3/objenesis-3.3.jar:/home/arnaud/.m2/repository/org/mockito/mockito-junit-jupiter/5.17.0/mockito-junit-jupiter-5.17.0.jar:/home/arnaud/.m2/repository/org/skyscreamer/jsonassert/1.5.3/jsonassert-1.5.3.jar:/home/arnaud/.m2/repository/com/vaadin/external/google/android-json/0.0.20131108.vaadin1/android-json-0.0.20131108.vaadin1.jar:/home/arnaud/.m2/repository/org/springframework/spring-core/6.2.11/spring-core-6.2.11.jar:/home/arnaud/.m2/repository/org/springframework/spring-jcl/6.2.11/spring-jcl-6.2.11.jar:/home/arnaud/.m2/repository/org/springframework/spring-test/6.2.11/spring-test-6.2.11.jar:/home/arnaud/.m2/repository/org/xmlunit/xmlunit-core/2.10.4/xmlunit-core-2.10.4.jar:/home/arnaud/.m2/repository/jakarta/persistence/jakarta.persistence-api/3.1.0/jakarta.persistence-api-3.1.0.jar:/home/arnaud/.m2/repository/org/springframework/boot/spring-boot-starter-validation/3.5.6/spring-boot-starter-validation-3.5.6.jar:/home/arnaud/.m2/repository/org/apache/tomcat/embed/tomcat-embed-el/10.1.46/tomcat-embed-el-10.1.46.jar:/home/arnaud/.m2/repository/org/hibernate/validator/hibernate-validator/8.0.3.Final/hibernate-validator-8.0.3.Final.jar:/home/arnaud/.m2/repository/jakarta/validation/jakarta.validation-api/3.0.2/jakarta.validation-api-3.0.2.jar:"/>
    <property name="java.vm.vendor" value="Eclipse Adoptium"/>
    <property name="sun.arch.data.model" value="64"/>
    <property name="java.vendor.url" value="https://adoptium.net/"/>
    <property name="user.timezone" value="Europe/Paris"/>
    <property name="org.jboss.logging.provider" value="slf4j"/>
    <property name="os.name" value="Linux"/>
    <property name="java.vm.specification.version" value="21"/>
    <property name="APPLICATION_NAME" value="apiCD"/>
    <property name="sun.java.launcher" value="SUN_STANDARD"/>
    <property name="user.country" value="FR"/>
    <property name="sun.boot.library.path" value="/home/arnaud/sts/plugins/org.eclipse.justj.openjdk.hotspot.jre.full.linux.x86_64_21.0.8.v20250724-1412/jre/lib"/>
    <property name="sun.java.command" value="/home/arnaud/Documents/workspace-spring-tools-for-eclipse-4.32.0.RELEASE/apiCD/target/surefire/surefirebooter-20251013161615148_3.jar /home/arnaud/Documents/workspace-spring-tools-for-eclipse-4.32.0.RELEASE/apiCD/target/surefire 2025-10-13T16-16-15_042-jvmRun1 surefire-20251013161615148_1tmp surefire_0-20251013161615148_2tmp"/>
    <property name="jdk.debug" value="release"/>
    <property name="surefire.test.class.path" value="/home/arnaud/Documents/workspace-spring-tools-for-eclipse-4.32.0.RELEASE/apiCD/target/test-classes:/home/arnaud/Documents/workspace-spring-tools-for-eclipse-4.32.0.RELEASE/apiCD/target/classes:/home/arnaud/.m2/repository/org/springframework/boot/spring-boot-starter-data-jpa/3.5.6/spring-boot-starter-data-jpa-3.5.6.jar:/home/arnaud/.m2/repository/org/springframework/boot/spring-boot-starter/3.5.6/spring-boot-starter-3.5.6.jar:/home/arnaud/.m2/repository/org/springframework/boot/spring-boot/3.5.6/spring-boot-3.5.6.jar:/home/arnaud/.m2/repository/org/springframework/boot/spring-boot-autoconfigure/3.5.6/spring-boot-autoconfigure-3.5.6.jar:/home/arnaud/.m2/repository/org/springframework/boot/spring-boot-starter-logging/3.5.6/spring-boot-starter-logging-3.5.6.jar:/home/arnaud/.m2/repository/ch/qos/logback/logback-classic/1.5.18/logback-classic-1.5.18.jar:/home/arnaud/.m2/repository/ch/qos/logback/logback-core/1.5.18/logback-core-1.5.18.jar:/home/arnaud/.m2/repository/org/apache/logging/log4j/log4j-to-slf4j/2.24.3/log4j-to-slf4j-2.24.3.jar:/home/arnaud/.m2/repository/org/apache/logging/log4j/log4j-api/2.24.3/log4j-api-2.24.3.jar:/home/arnaud/.m2/repository/org/slf4j/jul-to-slf4j/2.0.17/jul-to-slf4j-2.0.17.jar:/home/arnaud/.m2/repository/jakarta/annotation/jakarta.annotation-api/2.1.1/jakarta.annotation-api-2.1.1.jar:/home/arnaud/.m2/repository/org/yaml/snakeyaml/2.4/snakeyaml-2.4.jar:/home/arnaud/.m2/repository/org/springframework/boot/spring-boot-starter-jdbc/3.5.6/spring-boot-starter-jdbc-3.5.6.jar:/home/arnaud/.m2/repository/com/zaxxer/HikariCP/6.3.3/HikariCP-6.3.3.jar:/home/arnaud/.m2/repository/org/springframework/spring-jdbc/6.2.11/spring-jdbc-6.2.11.jar:/home/arnaud/.m2/repository/org/hibernate/orm/hibernate-core/6.6.29.Final/hibernate-core-6.6.29.Final.jar:/home/arnaud/.m2/repository/jakarta/transaction/jakarta.transaction-api/2.0.1/jakarta.transaction-api-2.0.1.jar:/home/arnaud/.m2/repository/org/jboss/logging/jboss-logging/3.6.1.Final/jboss-logging-3.6.1.Final.jar:/home/arnaud/.m2/repository/org/hibernate/common/hibernate-commons-annotations/7.0.3.Final/hibernate-commons-annotations-7.0.3.Final.jar:/home/arnaud/.m2/repository/io/smallrye/jandex/3.2.0/jandex-3.2.0.jar:/home/arnaud/.m2/repository/com/fasterxml/classmate/1.7.0/classmate-1.7.0.jar:/home/arnaud/.m2/repository/net/bytebuddy/byte-buddy/1.17.7/byte-buddy-1.17.7.jar:/home/arnaud/.m2/repository/org/glassfish/jaxb/jaxb-runtime/4.0.5/jaxb-runtime-4.0.5.jar:/home/arnaud/.m2/repository/org/glassfish/jaxb/jaxb-core/4.0.5/jaxb-core-4.0.5.jar:/home/arnaud/.m2/repository/org/eclipse/angus/angus-activation/2.0.2/angus-activation-2.0.2.jar:/home/arnaud/.m2/repository/org/glassfish/jaxb/txw2/4.0.5/txw2-4.0.5.jar:/home/arnaud/.m2/repository/com/sun/istack/istack-commons-runtime/4.1.2/istack-commons-runtime-4.1.2.jar:/home/arnaud/.m2/repository/jakarta/inject/jakarta.inject-api/2.0.1/jakarta.inject-api-2.0.1.jar:/home/arnaud/.m2/repository/org/antlr/antlr4-runtime/4.13.0/antlr4-runtime-4.13.0.jar:/home/arnaud/.m2/repository/org/springframework/data/spring-data-jpa/3.5.4/spring-data-jpa-3.5.4.jar:/home/arnaud/.m2/repository/org/springframework/data/spring-data-commons/3.5.4/spring-data-commons-3.5.4.jar:/home/arnaud/.m2/repository/org/springframework/spring-orm/6.2.11/spring-orm-6.2.11.jar:/home/arnaud/.m2/repository/org/springframework/spring-context/6.2.11/spring-context-6.2.11.jar:/home/arnaud/.m2/repository/org/springframework/spring-aop/6.2.11/spring-aop-6.2.11.jar:/home/arnaud/.m2/repository/org/springframework/spring-tx/6.2.11/spring-tx-6.2.11.jar:/home/arnaud/.m2/repository/org/springframework/spring-beans/6.2.11/spring-beans-6.2.11.jar:/home/arnaud/.m2/repository/org/slf4j/slf4j-api/2.0.17/slf4j-api-2.0.17.jar:/home/arnaud/.m2/repository/org/springframework/spring-aspects/6.2.11/spring-aspects-6.2.11.jar:/home/arnaud/.m2/repository/org/aspectj/aspectjweaver/1.9.24/aspectjweaver-1.9.24.jar:/home/arnaud/.m2/repository/org/springframework/boot/spring-boot-starter-web/3.5.6/spring-boot-starter-web-3.5.6.jar:/home/arnaud/.m2/repository/org/springframework/boot/spring-boot-starter-json/3.5.6/spring-boot-starter-json-3.5.6.jar:/home/arnaud/.m2/repository/com/fasterxml/jackson/core/jackson-databind/2.19.2/jackson-databind-2.19.2.jar:/home/arnaud/.m2/repository/com/fasterxml/jackson/core/jackson-annotations/2.19.2/jackson-annotations-2.19.2.jar:/home/arnaud/.m2/repository/com/fasterxml/jackson/core/jackson-core/2.19.2/jackson-core-2.19.2.jar:/home/arnaud/.m2/repository/com/fasterxml/jackson/datatype/jackson-datatype-jdk8/2.19.2/jackson-datatype-jdk8-2.19.2.jar:/home/arnaud/.m2/repository/com/fasterxml/jackson/datatype/jackson-datatype-jsr310/2.19.2/jackson-datatype-jsr310-2.19.2.jar:/home/arnaud/.m2/repository/com/fasterxml/jackson/module/jackson-module-parameter-names/2.19.2/jackson-module-parameter-names-2.19.2.jar:/home/arnaud/.m2/repository/org/springframework/boot/spring-boot-starter-tomcat/3.5.6/spring-boot-starter-tomcat-3.5.6.jar:/home/arnaud/.m2/repository/org/apache/tomcat/embed/tomcat-embed-core/10.1.46/tomcat-embed-core-10.1.46.jar:/home/arnaud/.m2/repository/org/apache/tomcat/embed/tomcat-embed-websocket/10.1.46/tomcat-embed-websocket-10.1.46.jar:/home/arnaud/.m2/repository/org/springframework/spring-web/6.2.11/spring-web-6.2.11.jar:/home/arnaud/.m2/repository/io/micrometer/micrometer-observation/1.15.4/micrometer-observation-1.15.4.jar:/home/arnaud/.m2/repository/io/micrometer/micrometer-commons/1.15.4/micrometer-commons-1.15.4.jar:/home/arnaud/.m2/repository/org/springframework/spring-webmvc/6.2.11/spring-webmvc-6.2.11.jar:/home/arnaud/.m2/repository/org/springframework/spring-expression/6.2.11/spring-expression-6.2.11.jar:/home/arnaud/.m2/repository/com/h2database/h2/2.3.232/h2-2.3.232.jar:/home/arnaud/.m2/repository/org/projectlombok/lombok/1.18.40/lombok-1.18.40.jar:/home/arnaud/.m2/repository/org/springframework/boot/spring-boot-starter-test/3.5.6/spring-boot-starter-test-3.5.6.jar:/home/arnaud/.m2/repository/org/springframework/boot/spring-boot-test/3.5.6/spring-boot-test-3.5.6.jar:/home/arnaud/.m2/repository/org/springframework/boot/spring-boot-test-autoconfigure/3.5.6/spring-boot-test-autoconfigure-3.5.6.jar:/home/arnaud/.m2/repository/com/jayway/jsonpath/json-path/2.9.0/json-path-2.9.0.jar:/home/arnaud/.m2/repository/jakarta/xml/bind/jakarta.xml.bind-api/4.0.2/jakarta.xml.bind-api-4.0.2.jar:/home/arnaud/.m2/repository/jakarta/activation/jakarta.activation-api/2.1.4/jakarta.activation-api-2.1.4.jar:/home/arnaud/.m2/repository/net/minidev/json-smart/2.5.2/json-smart-2.5.2.jar:/home/arnaud/.m2/repository/net/minidev/accessors-smart/2.5.2/accessors-smart-2.5.2.jar:/home/arnaud/.m2/repository/org/ow2/asm/asm/9.7.1/asm-9.7.1.jar:/home/arnaud/.m2/repository/org/assertj/assertj-core/3.27.4/assertj-core-3.27.4.jar:/home/arnaud/.m2/repository/org/awaitility/awaitility/4.2.2/awaitility-4.2.2.jar:/home/arnaud/.m2/repository/org/hamcrest/hamcrest/3.0/hamcrest-3.0.jar:/home/arnaud/.m2/repository/org/junit/jupiter/junit-jupiter/5.12.2/junit-jupiter-5.12.2.jar:/home/arnaud/.m2/repository/org/junit/jupiter/junit-jupiter-api/5.12.2/junit-jupiter-api-5.12.2.jar:/home/arnaud/.m2/repository/org/opentest4j/opentest4j/1.3.0/opentest4j-1.3.0.jar:/home/arnaud/.m2/repository/org/junit/platform/junit-platform-commons/1.12.2/junit-platform-commons-1.12.2.jar:/home/arnaud/.m2/repository/org/apiguardian/apiguardian-api/1.1.2/apiguardian-api-1.1.2.jar:/home/arnaud/.m2/repository/org/junit/jupiter/junit-jupiter-params/5.12.2/junit-jupiter-params-5.12.2.jar:/home/arnaud/.m2/repository/org/junit/jupiter/junit-jupiter-engine/5.12.2/junit-jupiter-engine-5.12.2.jar:/home/arnaud/.m2/repository/org/junit/platform/junit-platform-engine/1.12.2/junit-platform-engine-1.12.2.jar:/home/arnaud/.m2/repository/org/mockito/mockito-core/5.17.0/mockito-core-5.17.0.jar:/home/arnaud/.m2/repository/net/bytebuddy/byte-buddy-agent/1.17.7/byte-buddy-agent-1.17.7.jar:/home/arnaud/.m2/repository/org/objenesis/objenesis/3.3/objenesis-3.3.jar:/home/arnaud/.m2/repository/org/mockito/mockito-junit-jupiter/5.17.0/mockito-junit-jupiter-5.17.0.jar:/home/arnaud/.m2/repository/org/skyscreamer/jsonassert/1.5.3/jsonassert-1.5.3.jar:/home/arnaud/.m2/repository/com/vaadin/external/google/android-json/0.0.20131108.vaadin1/android-json-0.0.20131108.vaadin1.jar:/home/arnaud/.m2/repository/org/springframework/spring-core/6.2.11/spring-core-6.2.11.jar:/home/arnaud/.m2/repository/org/springframework/spring-jcl/6.2.11/spring-jcl-6.2.11.jar:/home/arnaud/.m2/repository/org/springframework/spring-test/6.2.11/spring-test-6.2.11.jar:/home/arnaud/.m2/repository/org/xmlunit/xmlunit-core/2.10.4/xmlunit-core-2.10.4.jar:/home/arnaud/.m2/repository/jakarta/persistence/jakarta.persistence-api/3.1.0/jakarta.persistence-api-3.1.0.jar:/home/arnaud/.m2/repository/org/springframework/boot/spring-boot-starter-validation/3.5.6/spring-boot-starter-validation-3.5.6.jar:/home/arnaud/.m2/repository/org/apache/tomcat/embed/tomcat-embed-el/10.1.46/tomcat-embed-el-10.1.46.jar:/home/arnaud/.m2/repository/org/hibernate/validator/hibernate-validator/8.0.3.Final/hibernate-validator-8.0.3.Final.jar:/home/arnaud/.m2/repository/jakarta/validation/jakarta.validation-api/3.0.2/jakarta.validation-api-3.0.2.jar:"/>
    <property name="sun.cpu.endian" value="little"/>
    <property name="user.home" value="/home/arnaud"/>
    <property name="user.language" value="fr"/>
    <property name="java.specification.vendor" value="Oracle Corporation"/>
    <property name="java.version.date" value="2025-07-15"/>
    <property name="java.home" value="/home/arnaud/sts/plugins/org.eclipse.justj.openjdk.hotspot.jre.full.linux.x86_64_21.0.8.v20250724-1412/jre"/>
    <property name="file.separator" value="/"/>
    <property name="basedir" value="/home/arnaud/Documents/workspace-spring-tools-for-eclipse-4.32.0.RELEASE/apiCD"/>
    <property name="style.color" value="always"/>
    <property name="java.vm.compressedOopsMode" value="Zero based"/>
    <property name="line.separator" value="&#10;"/>
    <property name="java.vm.specification.vendor" value="Oracle Corporation"/>
    <property name="java.specification.name" value="Java Platform API Specification"/>
    <property name="FILE_LOG_CHARSET" value="UTF-8"/>
    <property name="java.awt.headless" value="true"/>
    <property name="surefire.real.class.path" value="/home/arnaud/Documents/workspace-spring-tools-for-eclipse-4.32.0.RELEASE/apiCD/target/surefire/surefirebooter-20251013161615148_3.jar"/>
    <property name="sun.management.compiler" value="HotSpot 64-Bit Tiered Compilers"/>
    <property name="java.runtime.version" value="21.0.8+9-LTS"/>
    <property name="user.name" value="arnaud"/>
    <property name="stdout.encoding" value="UTF-8"/>
    <property name="path.separator" value=":"/>
    <property name="os.version" value="5.15.0-97-generic"/>
    <property name="java.runtime.name" value="OpenJDK Runtime Environment"/>
    <property name="file.encoding" value="UTF-8"/>
    <property name="java.vm.name" value="OpenJDK 64-Bit Server VM"/>
    <property name="java.vendor.version" value="Temurin-21.0.8+9"/>
    <property name="localRepository" value="/home/arnaud/.m2/repository"/>
    <property name="java.vendor.url.bug" value="https://github.com/adoptium/adoptium-support/issues"/>
    <property name="java.io.tmpdir" value="/tmp"/>
    <property name="java.version" value="21.0.8"/>
    <property name="user.dir" value="/home/arnaud/Documents/workspace-spring-tools-for-eclipse-4.32.0.RELEASE/apiCD"/>
    <property name="os.arch" value="amd64"/>
    <property name="java.vm.specification.name" value="Java Virtual Machine Specification"/>
    <property name="PID" value="38153"/>
    <property name="CONSOLE_LOG_CHARSET" value="UTF-8"/>
    <property name="native.encoding" value="UTF-8"/>
    <property name="java.library.path" value="/usr/java/packages/lib:/usr/lib64:/lib64:/lib:/usr/lib"/>
    <property name="java.vm.info" value="mixed mode, sharing"/>
    <property name="stderr.encoding" value="UTF-8"/>
    <property name="java.vendor" value="Eclipse Adoptium"/>
    <property name="java.vm.version" value="21.0.8+9-LTS"/>
    <property name="sun.io.unicode.encoding" value="UnicodeLittle"/>
    <property name="java.class.version" value="65.0"/>
    <property name="LOGGED_APPLICATION_NAME" value="[apiCD] "/>
  </properties>
  <testcase name="testGetUserNotFound" classname="fr.celestialdreams.api.UserControllerTest" time="0.203">
    <system-out><![CDATA[16:16:16.230 [main] INFO org.springframework.test.context.support.AnnotationConfigContextLoaderUtils -- Could not detect default configuration classes for test class [fr.celestialdreams.api.UserControllerTest]: UserControllerTest does not declare any static, non-private, non-final, nested classes annotated with @Configuration.
16:16:16.414 [main] INFO org.springframework.boot.test.context.SpringBootTestContextBootstrapper -- Found @SpringBootConfiguration fr.celestialdreams.api.ApiCdApplication for test class fr.celestialdreams.api.UserControllerTest

  .   ____          _            __ _ _
 /\\ / ___'_ __ _ _(_)_ __  __ _ \ \ \ \
( ( )\___ | '_ | '_| | '_ \/ _` | \ \ \ \
 \\/  ___)| |_)| | | | | || (_| |  ) ) ) )
  '  |____| .__|_| |_|_| |_\__, | / / / /
 =========|_|==============|___/=/_/_/_/

 :: Spring Boot ::                (v3.5.6)

]]></system-out>
    <system-err><![CDATA[Mockito is currently self-attaching to enable the inline-mock-maker. This will no longer work in future releases of the JDK. Please add Mockito as an agent to your build as described in Mockito's documentation: https://javadoc.io/doc/org.mockito/mockito-core/latest/org.mockito/org/mockito/Mockito.html#0.3
WARNING: A Java agent has been loaded dynamically (/home/arnaud/.m2/repository/net/bytebuddy/byte-buddy-agent/1.17.7/byte-buddy-agent-1.17.7.jar)
WARNING: If a serviceability tool is in use, please run with -XX:+EnableDynamicAgentLoading to hide this warning
WARNING: If a serviceability tool is not in use, please run with -Djdk.instrument.traceUsage for more information
WARNING: Dynamic loading of agents will be disallowed by default in a future release
]]></system-err>
  </testcase>
  <testcase name="testCreateUserErrKeyNameEmpty" classname="fr.celestialdreams.api.UserControllerTest" time="0.21"/>
  <testcase name="testCreateUserNameMalformed" classname="fr.celestialdreams.api.UserControllerTest" time="0.058"/>
  <testcase name="testGetUsers" classname="fr.celestialdreams.api.UserControllerTest" time="0.029"/>
  <testcase name="testCreateUserSizeNameConstraintH" classname="fr.celestialdreams.api.UserControllerTest" time="0.012"/>
  <testcase name="testCreateUserSizeNameConstraintL" classname="fr.celestialdreams.api.UserControllerTest" time="0.011"/>
  <testcase name="testCreateUserContryCode" classname="fr.celestialdreams.api.UserControllerTest" time="0.011"/>
  <testcase name="testCreateUserErrKeyDateEmptyOrMalformed" classname="fr.celestialdreams.api.UserControllerTest" time="0.009"/>
  <testcase name="testUpdateUser" classname="fr.celestialdreams.api.UserControllerTest" time="0.023">
    <failure message="JSON path &quot;$.name&quot; expected:&lt;Stephanie&gt; but was:&lt;Stephane&gt;" type="java.lang.AssertionError"><![CDATA[java.lang.AssertionError: JSON path "$.name" expected:<Stephanie> but was:<Stephane>
	at org.springframework.test.util.AssertionErrors.fail(AssertionErrors.java:61)
	at org.springframework.test.util.AssertionErrors.assertEquals(AssertionErrors.java:128)
	at org.springframework.test.util.JsonPathExpectationsHelper.assertValue(JsonPathExpectationsHelper.java:172)
	at org.springframework.test.web.servlet.result.JsonPathResultMatchers.lambda$value$2(JsonPathResultMatchers.java:112)
	at org.springframework.test.web.servlet.MockMvc$1.andExpect(MockMvc.java:214)
	at fr.celestialdreams.api.UserControllerTest.testUpdateUser(UserControllerTest.java:409)
	at java.base/java.lang.reflect.Method.invoke(Method.java:580)
	at java.base/java.util.ArrayList.forEach(ArrayList.java:1596)
	at java.base/java.util.ArrayList.forEach(ArrayList.java:1596)
]]></failure>
    <system-out><![CDATA[
MockHttpServletRequest:
      HTTP Method = PUT
      Request URI = /user/1
       Parameters = {}
          Headers = [Content-Type:"application/json;charset=UTF-8", Accept:"application/json", Content-Length:"83"]
             Body = {"id":1,"name":"Stephane","birthDate":"1976-01-01","countryCode":"FR","gender":"F"}
    Session Attrs = {}

Handler:
             Type = fr.celestialdreams.api.controller.UserController
           Method = fr.celestialdreams.api.controller.UserController#updateUser(Long, User)

Async:
    Async started = false
     Async result = null

Resolved Exception:
             Type = null

ModelAndView:
        View name = null
             View = null
            Model = null

FlashMap:
       Attributes = null

MockHttpServletResponse:
           Status = 200
    Error message = null
          Headers = [Content-Type:"application/json"]
     Content type = application/json
             Body = {"id":1,"name":"Stephane","birthDate":"1976-01-01","countryCode":"FR","gender":"F"}
    Forwarded URL = null
   Redirected URL = null
          Cookies = []
]]></system-out>
  </testcase>
  <testcase name="testGetUserMandatory" classname="fr.celestialdreams.api.UserControllerTest" time="0.011"/>
  <testcase name="testCreateUserOptional" classname="fr.celestialdreams.api.UserControllerTest" time="0.009"/>
  <testcase name="testCreateUserErrKeyDateNull" classname="fr.celestialdreams.api.UserControllerTest" time="0.01"/>
  <testcase name="testGetUsersEmpty" classname="fr.celestialdreams.api.UserControllerTest" time="0.016"/>
  <testcase name="testCreateUserErrKeyNameNull" classname="fr.celestialdreams.api.UserControllerTest" time="0.01"/>
  <testcase name="testGetUserOptional" classname="fr.celestialdreams.api.UserControllerTest" time="0.011"/>
  <testcase name="testCreateUserErrKeyDateFutur" classname="fr.celestialdreams.api.UserControllerTest" time="0.01"/>
  <testcase name="testDeleteUser" classname="fr.celestialdreams.api.UserControllerTest" time="0.018"/>
  <testcase name="testGetUserVoid" classname="fr.celestialdreams.api.UserControllerTest" time="0.009"/>
  <testcase name="testCreateUserMandatory" classname="fr.celestialdreams.api.UserControllerTest" time="0.01"/>
  <testcase name="testCreateUserGender" classname="fr.celestialdreams.api.UserControllerTest" time="0.009"/>
  <testcase name="testDeleteUserNotFound" classname="fr.celestialdreams.api.UserControllerTest" time="0.012"/>
</testsuite>